<?xml version="1.0" encoding="utf-8"?><testsuites name="pytest tests"><testsuite name="pytest" errors="0" failures="0" skipped="0" tests="9" time="40.133" timestamp="2026-06-03T01:22:01.193777+00:00" hostname="agent-env-0d226a71-1eef-45fb-abdf-d6b118cd2038"><testcase classname="backend.tests.test_form_submissions.TestFormCRUD" name="test_create_form_submission" time="0.299" /><testcase classname="backend.tests.test_form_submissions.TestFormCRUD" name="test_list_form_submissions_includes_created" time="0.062" /><testcase classname="backend.tests.test_form_submissions.TestFormCRUD" name="test_get_form_submission_by_id" time="0.056" /><testcase classname="backend.tests.test_form_submissions.TestFormCRUD" name="test_get_unknown_form_returns_404" time="0.060" /><testcase classname="backend.tests.test_form_submissions.TestFormCRUD" name="test_create_minimal_required_only" time="0.103" /><testcase classname="backend.tests.test_form_submissions.TestFormAnalysis" name="test_analyze_form_returns_ai_analysis_with_required_phrase" time="39.095" /><testcase classname="backend.tests.test_form_submissions.TestFormAnalysis" name="test_analyze_persists_ai_analysis" time="0.090" /><testcase classname="backend.tests.test_form_submissions.TestFormAnalysis" name="test_analyze_unknown_form_returns_404" time="0.062" /><testcase classname="backend.tests.test_form_submissions.TestCleanup" name="test_delete_form_submission" time="0.112" /></testsuite></testsuites>