<?xml version="1.0" encoding="utf-8"?><testsuites name="pytest tests"><testsuite name="pytest" errors="0" failures="1" skipped="0" tests="12" time="68.850" timestamp="2026-05-28T00:18:27.823616+00:00" hostname="agent-env-0d226a71-1eef-45fb-abdf-d6b118cd2038"><testcase classname="backend.tests.test_backend_api.TestHealth" name="test_root_returns_health_message" time="0.283" /><testcase classname="backend.tests.test_backend_api.TestDiseases" name="test_list_diseases_returns_50" time="0.053" /><testcase classname="backend.tests.test_backend_api.TestDiseases" name="test_cause_categories" time="0.114" /><testcase classname="backend.tests.test_backend_api.TestProfileFlow" name="test_create_profile_and_auto_analysis" time="0.054" /><testcase classname="backend.tests.test_backend_api.TestProfileFlow" name="test_get_profile" time="0.049" /><testcase classname="backend.tests.test_backend_api.TestProfileFlow" name="test_get_analysis_full_structure" time="0.052" /><testcase classname="backend.tests.test_backend_api.TestProfileFlow" name="test_disease_matching_seker_to_diyabet" time="0.050" /><testcase classname="backend.tests.test_backend_api.TestProfileFlow" name="test_rule_based_categories_and_sides" time="0.052" /><testcase classname="backend.tests.test_backend_api.TestProfileFlow" name="test_reanalyze_endpoint" time="0.049" /><testcase classname="backend.tests.test_backend_api.TestProfileFlow" name="test_llm_analysis" time="67.727"><failure message="Failed: LLM endpoint failed after retries: status=502 body=The preview environment is not responding. It may be starting up.">backend/tests/test_backend_api.py:196: in test_llm_analysis
    pytest.fail(f"LLM endpoint failed after retries: {last_err}")
E   Failed: LLM endpoint failed after retries: status=502 body=The preview environment is not responding. It may be starting up.</failure></testcase><testcase classname="backend.tests.test_backend_api.TestProfileFlow" name="test_delete_profile_and_verify_404" time="0.197" /><testcase classname="backend.tests.test_backend_api.TestEdge" name="test_unknown_profile_returns_404" time="0.062" /></testsuite></testsuites>